#
# There is insufficient memory for the Java Runtime Environment to continue.
# Native memory allocation (malloc) failed to allocate 1387856 bytes for Chunk::new
# Possible reasons:
#   The system is out of physical RAM or swap space
#   The process is running with CompressedOops enabled, and the Java Heap may be blocking the growth of the native heap
# Possible solutions:
#   Reduce memory load on the system
#   Increase physical memory or swap space
#   Check if swap backing store is full
#   Decrease Java heap size (-Xmx/-Xms)
#   Decrease number of Java threads
#   Decrease Java thread stack sizes (-Xss)
#   Set larger code cache with -XX:ReservedCodeCacheSize=
#   JVM is running with Unscaled Compressed Oops mode in which the Java heap is
#     placed in the first 4GB address space. The Java Heap base address is the
#     maximum limit for the native heap growth. Please use -XX:HeapBaseMinAddress
#     to set the Java Heap base and to place the Java Heap above 4GB virtual address.
# This output file may be truncated or incomplete.
#
#  Out of Memory Error (allocation.cpp:389), pid=11896, tid=0x0000000000001740
#
# JRE version: OpenJDK Runtime Environment (8.0_242-b01) (build 1.8.0_242-release-1644-b01)
# Java VM: OpenJDK 64-Bit Server VM (25.242-b01 mixed mode windows-amd64 compressed oops)
# Failed to write core dump. Minidumps are not enabled by default on client versions of Windows
#

---------------  T H R E A D  ---------------

Current thread (0x0000000017715800):  JavaThread "C2 CompilerThread0" daemon [_thread_in_native, id=5952, stack(0x0000000018dd0000,0x0000000018ed0000)]

Stack: [0x0000000018dd0000,0x0000000018ed0000]
[error occurred during error reporting (printing stack bounds), id 0xc0000005]

Native frames: (J=compiled Java code, j=interpreted, Vv=VM code, C=native code)


Current CompileTask:
C2:1260577 17095       4       org.objectweb.asm.ClassReader::accept (1250 bytes)


---------------  P R O C E S S  ---------------

Java Threads: ( => current thread )
  0x000000001f53e000 JavaThread "ForkJoinPool.commonPool-worker-0" daemon [_thread_in_native, id=732, stack(0x000000002f410000,0x000000002f510000)]
  0x000000001f53d000 JavaThread "ForkJoinPool.commonPool-worker-3" daemon [_thread_in_native, id=12988, stack(0x000000002cbd0000,0x000000002ccd0000)]
  0x000000001f53c000 JavaThread "ForkJoinPool.commonPool-worker-2" daemon [_thread_in_native, id=13024, stack(0x000000002c1d0000,0x000000002c2d0000)]
  0x000000001f53a000 JavaThread "Cache worker for Java compile cache (C:\Users\Mohammad Reza\AndroidStudioProjects\MyApplication5\.gradle\6.5\javaCompile)" [_thread_blocked, id=13020, stack(0x000000002c0d0000,0x000000002c1d0000)]
  0x000000001f53f800 JavaThread "Cache worker for execution history cache (C:\Users\Mohammad Reza\AndroidStudioProjects\MyApplication5\.gradle\6.5\executionHistory)" [_thread_blocked, id=360, stack(0x000000002b9d0000,0x000000002bad0000)]
  0x000000001f538800 JavaThread "Execution worker for ':' Thread 3" [_thread_blocked, id=12528, stack(0x000000002b670000,0x000000002b770000)]
  0x000000001f53b800 JavaThread "Execution worker for ':' Thread 2" [_thread_blocked, id=5504, stack(0x000000002b170000,0x000000002b270000)]
  0x000000001f53a800 JavaThread "Execution worker for ':'" [_thread_blocked, id=6092, stack(0x0000000029cf0000,0x0000000029df0000)]
  0x000000001f53e800 JavaThread "Cache worker for file content cache (C:\Users\Mohammad Reza\AndroidStudioProjects\MyApplication5\.gradle\6.5\fileContent)" [_thread_blocked, id=13228, stack(0x0000000029af0000,0x0000000029bf0000)]
  0x000000001f531000 JavaThread "pool-17-thread-1" [_thread_blocked, id=11660, stack(0x00000000296f0000,0x00000000297f0000)]
  0x000000001f537800 JavaThread "Cache worker for Build Output Cleanup Cache (C:\Users\Mohammad Reza\AndroidStudioProjects\MyApplication5\.gradle\buildOutputCleanup)" [_thread_blocked, id=3584, stack(0x00000000295f0000,0x00000000296f0000)]
  0x000000001f534000 JavaThread "jar transforms Thread 912" [_thread_blocked, id=11024, stack(0x00000000294f0000,0x00000000295f0000)]
  0x000000001f533000 JavaThread "jar transforms Thread 911" [_thread_blocked, id=5704, stack(0x00000000293f0000,0x00000000294f0000)]
  0x000000001f537000 JavaThread "jar transforms Thread 910" [_thread_blocked, id=3500, stack(0x00000000292f0000,0x00000000293f0000)]
  0x000000001f532800 JavaThread "jar transforms Thread 909" [_thread_blocked, id=8040, stack(0x00000000291f0000,0x00000000292f0000)]
  0x000000001f530000 JavaThread "jar transforms Thread 908" [_thread_blocked, id=12320, stack(0x00000000290f0000,0x00000000291f0000)]
  0x000000001f536000 JavaThread "jar transforms Thread 907" [_thread_blocked, id=3376, stack(0x0000000028ff0000,0x00000000290f0000)]
  0x000000001f535800 JavaThread "jar transforms Thread 906" [_thread_blocked, id=5932, stack(0x0000000028ef0000,0x0000000028ff0000)]
  0x000000001f531800 JavaThread "jar transforms Thread 905" [_thread_blocked, id=9616, stack(0x0000000028df0000,0x0000000028ef0000)]
  0x0000000019d58800 JavaThread "jar transforms Thread 904" [_thread_blocked, id=2088, stack(0x0000000028cf0000,0x0000000028df0000)]
  0x0000000019d56000 JavaThread "jar transforms Thread 903" [_thread_blocked, id=8836, stack(0x0000000028bf0000,0x0000000028cf0000)]
  0x0000000019d54800 JavaThread "jar transforms Thread 902" [_thread_blocked, id=1432, stack(0x0000000028af0000,0x0000000028bf0000)]
  0x0000000019d55800 JavaThread "jar transforms Thread 901" [_thread_blocked, id=12268, stack(0x00000000289f0000,0x0000000028af0000)]
  0x0000000019d57800 JavaThread "jar transforms Thread 900" [_thread_blocked, id=12844, stack(0x00000000288f0000,0x00000000289f0000)]
  0x0000000019d57000 JavaThread "jar transforms Thread 899" [_thread_blocked, id=12732, stack(0x00000000287f0000,0x00000000288f0000)]
  0x0000000019d4d000 JavaThread "jar transforms Thread 898" [_thread_blocked, id=7152, stack(0x00000000286f0000,0x00000000287f0000)]
  0x0000000019d54000 JavaThread "jar transforms Thread 897" [_thread_blocked, id=11748, stack(0x00000000285f0000,0x00000000286f0000)]
  0x0000000019d53000 JavaThread "jar transforms Thread 896" [_thread_blocked, id=1644, stack(0x00000000284f0000,0x00000000285f0000)]
  0x0000000019d4e000 JavaThread "jar transforms Thread 895" [_thread_blocked, id=4104, stack(0x00000000283f0000,0x00000000284f0000)]
  0x0000000019d4c800 JavaThread "jar transforms Thread 894" [_thread_blocked, id=12316, stack(0x00000000282f0000,0x00000000283f0000)]
  0x0000000019d52800 JavaThread "jar transforms Thread 893" [_thread_blocked, id=12508, stack(0x00000000281f0000,0x00000000282f0000)]
  0x0000000019d4b800 JavaThread "jar transforms Thread 892" [_thread_blocked, id=10924, stack(0x00000000280f0000,0x00000000281f0000)]
  0x0000000019d51800 JavaThread "jar transforms Thread 891" [_thread_blocked, id=10316, stack(0x0000000027ff0000,0x00000000280f0000)]
  0x0000000019d51000 JavaThread "jar transforms Thread 890" [_thread_blocked, id=13204, stack(0x0000000027ef0000,0x0000000027ff0000)]
  0x0000000019d4b000 JavaThread "jar transforms Thread 889" [_thread_blocked, id=12356, stack(0x0000000027df0000,0x0000000027ef0000)]
  0x0000000019d4f800 JavaThread "jar transforms Thread 888" [_thread_blocked, id=3164, stack(0x0000000027cf0000,0x0000000027df0000)]
  0x0000000019d4e800 JavaThread "jar transforms Thread 887" [_thread_blocked, id=13236, stack(0x0000000027bf0000,0x0000000027cf0000)]
  0x0000000019d50000 JavaThread "jar transforms Thread 886" [_thread_blocked, id=11688, stack(0x0000000027af0000,0x0000000027bf0000)]
  0x0000000019d4a000 JavaThread "jar transforms Thread 885" [_thread_blocked, id=8356, stack(0x00000000279f0000,0x0000000027af0000)]
  0x0000000019d49800 JavaThread "jar transforms Thread 884" [_thread_blocked, id=11260, stack(0x00000000278f0000,0x00000000279f0000)]
  0x000000001b673800 JavaThread "jar transforms Thread 883" [_thread_blocked, id=4512, stack(0x00000000277f0000,0x00000000278f0000)]
  0x000000001b679800 JavaThread "jar transforms Thread 882" [_thread_blocked, id=12760, stack(0x00000000276f0000,0x00000000277f0000)]
  0x000000001b679000 JavaThread "jar transforms Thread 881" [_thread_blocked, id=2316, stack(0x00000000275f0000,0x00000000276f0000)]
  0x000000001b678000 JavaThread "jar transforms Thread 880" [_thread_blocked, id=6536, stack(0x00000000274f0000,0x00000000275f0000)]
  0x000000001b677800 JavaThread "jar transforms Thread 879" [_thread_blocked, id=6540, stack(0x00000000273f0000,0x00000000274f0000)]
  0x000000001e4a5800 JavaThread "jar transforms Thread 878" [_thread_blocked, id=8528, stack(0x00000000272f0000,0x00000000273f0000)]
  0x000000001e4a4800 JavaThread "jar transforms Thread 877" [_thread_blocked, id=13184, stack(0x00000000271f0000,0x00000000272f0000)]
  0x000000001e4a2800 JavaThread "jar transforms Thread 876" [_thread_blocked, id=10544, stack(0x00000000270f0000,0x00000000271f0000)]
  0x000000001e49a000 JavaThread "jar transforms Thread 875" [_thread_blocked, id=3280, stack(0x0000000026ff0000,0x00000000270f0000)]
  0x000000001e4a0000 JavaThread "jar transforms Thread 874" [_thread_blocked, id=13264, stack(0x0000000026ef0000,0x0000000026ff0000)]
  0x000000001e498000 JavaThread "jar transforms Thread 873" [_thread_blocked, id=6800, stack(0x0000000026df0000,0x0000000026ef0000)]
  0x000000001e499800 JavaThread "jar transforms Thread 872" [_thread_blocked, id=13160, stack(0x0000000026cf0000,0x0000000026df0000)]
  0x000000001e49e800 JavaThread "jar transforms Thread 871" [_thread_blocked, id=12044, stack(0x0000000026bf0000,0x0000000026cf0000)]
  0x000000001e498800 JavaThread "jar transforms Thread 870" [_thread_blocked, id=2476, stack(0x0000000026af0000,0x0000000026bf0000)]
  0x000000001e497000 JavaThread "jar transforms Thread 869" [_thread_blocked, id=6124, stack(0x00000000269f0000,0x0000000026af0000)]
  0x000000001e49c800 JavaThread "jar transforms Thread 868" [_thread_blocked, id=12456, stack(0x00000000268f0000,0x00000000269f0000)]
  0x000000001e49d000 JavaThread "jar transforms Thread 867" [_thread_blocked, id=6332, stack(0x00000000267f0000,0x00000000268f0000)]
  0x000000001e49b800 JavaThread "jar transforms Thread 866" [_thread_blocked, id=3552, stack(0x00000000266f0000,0x00000000267f0000)]
  0x000000002d60d000 JavaThread "jar transforms Thread 865" [_thread_blocked, id=12708, stack(0x00000000265f0000,0x00000000266f0000)]
  0x000000002d60c000 JavaThread "jar transforms Thread 864" [_thread_blocked, id=5172, stack(0x00000000264f0000,0x00000000265f0000)]
  0x000000002d60b800 JavaThread "jar transforms Thread 863" [_thread_blocked, id=3436, stack(0x00000000263f0000,0x00000000264f0000)]
  0x000000002d60a800 JavaThread "jar transforms Thread 862" [_thread_blocked, id=12636, stack(0x00000000262f0000,0x00000000263f0000)]
  0x000000002d60a000 JavaThread "jar transforms Thread 861" [_thread_blocked, id=12804, stack(0x00000000261f0000,0x00000000262f0000)]
  0x000000002d602800 JavaThread "jar transforms Thread 860" [_thread_blocked, id=12916, stack(0x00000000260f0000,0x00000000261f0000)]
  0x000000002d609000 JavaThread "jar transforms Thread 859" [_thread_blocked, id=7248, stack(0x0000000025ff0000,0x00000000260f0000)]
  0x000000002d608800 JavaThread "jar transforms Thread 858" [_thread_blocked, id=6160, stack(0x0000000025ef0000,0x0000000025ff0000)]
  0x000000002d601000 JavaThread "jar transforms Thread 857" [_thread_blocked, id=10508, stack(0x0000000025df0000,0x0000000025ef0000)]
  0x000000002d607800 JavaThread "jar transforms Thread 856" [_thread_blocked, id=1436, stack(0x0000000025cf0000,0x0000000025df0000)]
  0x000000002d5ff800 JavaThread "jar transforms Thread 855" [_thread_blocked, id=12704, stack(0x0000000025bf0000,0x0000000025cf0000)]
  0x000000002d601800 JavaThread "jar transforms Thread 854" [_thread_blocked, id=9620, stack(0x0000000025af0000,0x0000000025bf0000)]
  0x000000002d5fe800 JavaThread "jar transforms Thread 853" [_thread_blocked, id=6784, stack(0x00000000259f0000,0x0000000025af0000)]
  0x000000002d604800 JavaThread "jar transforms Thread 852" [_thread_blocked, id=12588, stack(0x00000000258f0000,0x00000000259f0000)]
  0x000000002d600000 JavaThread "jar transforms Thread 851" [_thread_blocked, id=1968, stack(0x00000000257f0000,0x00000000258f0000)]
  0x000000001ff87800 JavaThread "jar transforms Thread 850" [_thread_blocked, id=13284, stack(0x00000000256f0000,0x00000000257f0000)]
  0x000000001ff86800 JavaThread "jar transforms Thread 849" [_thread_blocked, id=788, stack(0x00000000255f0000,0x00000000256f0000)]
  0x000000001ff86000 JavaThread "jar transforms Thread 848" [_thread_blocked, id=12928, stack(0x00000000254f0000,0x00000000255f0000)]
  0x000000001ff85000 JavaThread "jar transforms Thread 847" [_thread_blocked, id=5804, stack(0x00000000253f0000,0x00000000254f0000)]
  0x000000001ff84800 JavaThread "jar transforms Thread 846" [_thread_blocked, id=10328, stack(0x00000000252f0000,0x00000000253f0000)]
  0x000000001ff83800 JavaThread "jar transforms Thread 845" [_thread_blocked, id=2956, stack(0x00000000251f0000,0x00000000252f0000)]
  0x000000001ff7c000 JavaThread "jar transforms Thread 844" [_thread_blocked, id=11392, stack(0x00000000250f0000,0x00000000251f0000)]
  0x000000001ff83000 JavaThread "jar transforms Thread 843" [_thread_blocked, id=5588, stack(0x0000000024ff0000,0x00000000250f0000)]
  0x000000001ff82000 JavaThread "jar transforms Thread 842" [_thread_blocked, id=11088, stack(0x0000000024ef0000,0x0000000024ff0000)]
  0x000000001ff80000 JavaThread "jar transforms Thread 841" [_thread_blocked, id=6780, stack(0x0000000024df0000,0x0000000024ef0000)]
  0x000000001ff7a800 JavaThread "jar transforms Thread 840" [_thread_blocked, id=4720, stack(0x0000000024cf0000,0x0000000024df0000)]
  0x000000001ff81800 JavaThread "jar transforms Thread 839" [_thread_blocked, id=8868, stack(0x0000000024bf0000,0x0000000024cf0000)]
  0x000000001ff7a000 JavaThread "jar transforms Thread 838" [_thread_blocked, id=9932, stack(0x0000000024af0000,0x0000000024bf0000)]
  0x000000001ff80800 JavaThread "jar transforms Thread 837" [_thread_blocked, id=4964, stack(0x00000000249f0000,0x0000000024af0000)]
  0x000000001ff7b800 JavaThread "jar transforms Thread 836" [_thread_blocked, id=3624, stack(0x00000000248f0000,0x00000000249f0000)]
  0x000000001e04b000 JavaThread "jar transforms Thread 835" [_thread_blocked, id=12308, stack(0x00000000247f0000,0x00000000248f0000)]
  0x000000001e04a800 JavaThread "jar transforms Thread 834" [_thread_blocked, id=4060, stack(0x00000000246f0000,0x00000000247f0000)]
  0x000000001e04f800 JavaThread "jar transforms Thread 833" [_thread_blocked, id=12192, stack(0x00000000245f0000,0x00000000246f0000)]
  0x000000001e04f000 JavaThread "jar transforms Thread 832" [_thread_blocked, id=13280, stack(0x00000000244f0000,0x00000000245f0000)]
  0x000000001e04e000 JavaThread "jar transforms Thread 831" [_thread_blocked, id=8604, stack(0x00000000243f0000,0x00000000244f0000)]
  0x000000001e049800 JavaThread "jar transforms Thread 830" [_thread_blocked, id=9420, stack(0x00000000242f0000,0x00000000243f0000)]
  0x000000001e041800 JavaThread "jar transforms Thread 829" [_thread_blocked, id=10484, stack(0x00000000241f0000,0x00000000242f0000)]
  0x000000001e048000 JavaThread "jar transforms Thread 828" [_thread_blocked, id=3496, stack(0x00000000240f0000,0x00000000241f0000)]
  0x000000001e045000 JavaThread "jar transforms Thread 827" [_thread_blocked, id=8340, stack(0x0000000023ff0000,0x00000000240f0000)]
  0x000000001e043800 JavaThread "jar transforms Thread 826" [_thread_blocked, id=10844, stack(0x0000000023ef0000,0x0000000023ff0000)]
  0x000000001e042000 JavaThread "jar transforms Thread 825" [_thread_blocked, id=12780, stack(0x0000000023df0000,0x0000000023ef0000)]
  0x000000001e040800 JavaThread "jar transforms Thread 824" [_thread_blocked, id=9972, stack(0x0000000023cf0000,0x0000000023df0000)]
  0x000000001e044800 JavaThread "jar transforms Thread 823" [_thread_blocked, id=6068, stack(0x0000000023bf0000,0x0000000023cf0000)]
  0x000000001e047800 JavaThread "jar transforms Thread 822" [_thread_blocked, id=7684, stack(0x0000000023af0000,0x0000000023bf0000)]
  0x000000001e043000 JavaThread "jar transforms Thread 821" [_thread_blocked, id=7548, stack(0x00000000239f0000,0x0000000023af0000)]
  0x000000001e046800 JavaThread "jar transforms Thread 820" [_thread_blocked, id=9656, stack(0x00000000238f0000,0x00000000239f0000)]
  0x000000002db9a000 JavaThread "jar transforms Thread 819" [_thread_blocked, id=10504, stack(0x00000000237f0000,0x00000000238f0000)]
  0x000000002db98800 JavaThread "jar transforms Thread 818" [_thread_blocked, id=10448, stack(0x00000000236f0000,0x00000000237f0000)]
  0x000000002db98000 JavaThread "jar transforms Thread 817" [_thread_blocked, id=1680, stack(0x00000000235f0000,0x00000000236f0000)]
  0x000000002db9b800 JavaThread "jar transforms Thread 816" [_thread_blocked, id=6776, stack(0x00000000234f0000,0x00000000235f0000)]
  0x000000002db9f000 JavaThread "jar transforms Thread 815" [_thread_blocked, id=4204, stack(0x00000000233f0000,0x00000000234f0000)]
  0x000000002db9b000 JavaThread "jar transforms Thread 814" [_thread_blocked, id=13256, stack(0x00000000232f0000,0x00000000233f0000)]
  0x000000002db9e000 JavaThread "jar transforms Thread 813" [_thread_blocked, id=12892, stack(0x00000000231f0000,0x00000000232f0000)]
  0x000000002db9c800 JavaThread "jar transforms Thread 812" [_thread_blocked, id=3612, stack(0x00000000230f0000,0x00000000231f0000)]
  0x000000002db9d000 JavaThread "jar transforms Thread 811" [_thread_blocked, id=8128, stack(0x0000000022ef0000,0x0000000022ff0000)]
  0x000000002db90800 JavaThread "jar transforms Thread 810" [_thread_blocked, id=12768, stack(0x0000000022df0000,0x0000000022ef0000)]
  0x000000002db8f800 JavaThread "jar transforms Thread 809" [_thread_blocked, id=10056, stack(0x0000000022cf0000,0x0000000022df0000)]
  0x000000002db96800 JavaThread "jar transforms Thread 808" [_thread_blocked, id=12648, stack(0x0000000022bf0000,0x0000000022cf0000)]
  0x000000002db92800 JavaThread "jar transforms Thread 807" [_thread_blocked, id=12564, stack(0x0000000022af0000,0x0000000022bf0000)]
  0x000000002db95800 JavaThread "jar transforms Thread 806" [_thread_blocked, id=1788, stack(0x00000000229f0000,0x0000000022af0000)]
  0x000000002db92000 JavaThread "jar transforms Thread 805" [_thread_blocked, id=3276, stack(0x00000000228f0000,0x00000000229f0000)]
  0x000000002db95000 JavaThread "jar transforms Thread 804" [_thread_blocked, id=12752, stack(0x00000000227f0000,0x00000000228f0000)]
  0x000000002db94000 JavaThread "jar transforms Thread 803" [_thread_blocked, id=12416, stack(0x00000000226f0000,0x00000000227f0000)]
  0x0000000019dbf000 JavaThread "jar transforms Thread 802" [_thread_blocked, id=12444, stack(0x00000000225f0000,0x00000000226f0000)]
  0x0000000019dbe000 JavaThread "jar transforms Thread 801" [_thread_blocked, id=10824, stack(0x00000000224f0000,0x00000000225f0000)]
  0x0000000019dc4000 JavaThread "jar transforms Thread 800" [_thread_blocked, id=532, stack(0x00000000223f0000,0x00000000224f0000)]
  0x0000000019dc3800 JavaThread "jar transforms Thread 799" [_thread_blocked, id=12364, stack(0x00000000222f0000,0x00000000223f0000)]
  0x0000000019dc2800 JavaThread "Build operations Thread 4" [_thread_blocked, id=6416, stack(0x00000000221f0000,0x00000000222f0000)]
  0x0000000019dc5000 JavaThread "Build operations Thread 3" [_thread_blocked, id=5480, stack(0x00000000219f0000,0x0000000021af0000)]
  0x0000000019dc1000 JavaThread "Build operations Thread 2" [_thread_blocked, id=12792, stack(0x000000001fd40000,0x000000001fe40000)]
  0x0000000019dc2000 JavaThread "Build operations" [_thread_blocked, id=4988, stack(0x000000001ebc0000,0x000000001ecc0000)]
  0x0000000019dba800 JavaThread "Cache worker for cache directory md-rule (C:\Users\Mohammad Reza\.gradle\caches\6.5\md-rule)" [_thread_blocked, id=13012, stack(0x000000001d1f0000,0x000000001d2f0000)]
  0x0000000019db6800 JavaThread "Cache worker for cache directory md-supplier (C:\Users\Mohammad Reza\.gradle\caches\6.5\md-supplier)" [_thread_blocked, id=8600, stack(0x000000001d0f0000,0x000000001d1f0000)]
  0x0000000019db6000 JavaThread "Cache worker for checksums cache (C:\Users\Mohammad Reza\AndroidStudioProjects\MyApplication5\.gradle\checksums)" [_thread_blocked, id=9728, stack(0x000000001cff0000,0x000000001d0f0000)]
  0x0000000019db7800 JavaThread "Cache worker for file hash cache (C:\Users\Mohammad Reza\AndroidStudioProjects\MyApplication5\.gradle\6.5\fileHashes)" [_thread_blocked, id=7148, stack(0x000000001cef0000,0x000000001cff0000)]
  0x0000000019dbb000 JavaThread "Thread-997" [_thread_blocked, id=2468, stack(0x000000001cdf0000,0x000000001cef0000)]
  0x0000000019db9800 JavaThread "Stdin handler" [_thread_blocked, id=8348, stack(0x000000001ccf0000,0x000000001cdf0000)]
  0x0000000019dbc000 JavaThread "Asynchronous log dispatcher for DefaultDaemonConnection: socket connection from /127.0.0.1:3823 to /127.0.0.1:4189" [_thread_blocked, id=252, stack(0x000000001c5b0000,0x000000001c6b0000)]
  0x0000000019dbc800 JavaThread "Cancel handler" [_thread_blocked, id=6284, stack(0x0000000000f30000,0x0000000001030000)]
  0x0000000019db9000 JavaThread "Handler for socket connection from /127.0.0.1:3823 to /127.0.0.1:4189" [_thread_in_native, id=9096, stack(0x0000000000e30000,0x0000000000f30000)]
  0x000000002d607000 JavaThread "Cache worker for Java compile cache (C:\Users\Mohammad Reza\.gradle\caches\6.5\javaCompile)" [_thread_blocked, id=3556, stack(0x000000001c4b0000,0x000000001c5b0000)]
  0x000000002d60d800 JavaThread "RMI TCP Connection(idle)" daemon [_thread_blocked, id=12352, stack(0x000000002c4d0000,0x000000002c5d0000)]
  0x000000002d604000 JavaThread "Daemon worker Thread 6" [_thread_blocked, id=7320, stack(0x000000001cbf0000,0x000000001ccf0000)]
  0x000000002d603000 JavaThread "Daemon Thread 6" [_thread_blocked, id=10828, stack(0x0000000000d30000,0x0000000000e30000)]
  0x000000001e49f800 JavaThread "RMI Reaper" [_thread_blocked, id=8936, stack(0x000000002f310000,0x000000002f410000)]
  0x000000001e04d800 JavaThread "RMI TCP Accept-0" daemon [_thread_in_native, id=7976, stack(0x000000002f210000,0x000000002f310000)]
  0x000000001e04c800 JavaThread "GC Daemon" daemon [_thread_blocked, id=8344, stack(0x000000002f110000,0x000000002f210000)]
  0x000000001e049000 JavaThread "RMI RenewClean-[127.0.0.1:17375,org.jetbrains.kotlin.daemon.common.LoopbackNetworkInterface$ClientLoopbackSocketFactory@32e06d92]" daemon [_thread_in_native, id=2692, stack(0x000000002cfe0000,0x000000002d0e0000)]
  0x000000001e04c000 JavaThread "RMI Scheduler(0)" daemon [_thread_blocked, id=11284, stack(0x000000002ccd0000,0x000000002cdd0000)]
  0x000000001e49b000 JavaThread "Memory manager" [_thread_blocked, id=11844, stack(0x0000000029bf0000,0x0000000029cf0000)]
  0x000000001b674800 JavaThread "Cache worker for file content cache (C:\Users\Mohammad Reza\.gradle\caches\6.5\fileContent)" [_thread_blocked, id=3508, stack(0x0000000021af0000,0x0000000021bf0000)]
  0x000000001b673000 JavaThread "Cache worker for execution history cache (C:\Users\Mohammad Reza\.gradle\caches\6.5\executionHistory)" [_thread_blocked, id=11644, stack(0x00000000212f0000,0x00000000213f0000)]
  0x000000001b676000 JavaThread "Cache worker for file hash cache (C:\Users\Mohammad Reza\.gradle\caches\6.5\fileHashes)" [_thread_blocked, id=7660, stack(0x000000001d6f0000,0x000000001d7f0000)]
  0x000000001b675000 JavaThread "File lock request listener" [_thread_in_native, id=7208, stack(0x000000001d5f0000,0x000000001d6f0000)]
  0x000000001b253000 JavaThread "Cache worker for journal cache (C:\Users\Mohammad Reza\.gradle\caches\journal-1)" [_thread_blocked, id=2968, stack(0x000000001d4f0000,0x000000001d5f0000)]
  0x000000001b174800 JavaThread "Daemon periodic checks" [_thread_blocked, id=3964, stack(0x000000001c8f0000,0x000000001c9f0000)]
  0x000000001b10a000 JavaThread "Incoming local TCP Connector on port 3823" [_thread_in_native, id=9676, stack(0x000000001c6b0000,0x000000001c7b0000)]
  0x000000001ac7c800 JavaThread "Daemon health stats" [_thread_blocked, id=1956, stack(0x000000001c070000,0x000000001c170000)]
  0x0000000019144800 JavaThread "Service Thread" daemon [_thread_blocked, id=9472, stack(0x00000000194d0000,0x00000000195d0000)]
  0x0000000017768000 JavaThread "C1 CompilerThread2" daemon [_thread_blocked, id=7900, stack(0x0000000018fd0000,0x00000000190d0000)]
  0x0000000017719800 JavaThread "C2 CompilerThread1" daemon [_thread_in_native, id=10624, stack(0x0000000018ed0000,0x0000000018fd0000)]
=>0x0000000017715800 JavaThread "C2 CompilerThread0" daemon [_thread_in_native, id=5952, stack(0x0000000018dd0000,0x0000000018ed0000)]
  0x0000000017766000 JavaThread "Attach Listener" daemon [_thread_blocked, id=5740, stack(0x0000000018cd0000,0x0000000018dd0000)]
  0x0000000017765800 JavaThread "Signal Dispatcher" daemon [_thread_blocked, id=3660, stack(0x0000000018bd0000,0x0000000018cd0000)]
  0x0000000002aac800 JavaThread "Finalizer" daemon [_thread_blocked, id=4252, stack(0x0000000018980000,0x0000000018a80000)]
  0x00000000176f9800 JavaThread "Reference Handler" daemon [_thread_blocked, id=8560, stack(0x0000000018880000,0x0000000018980000)]
  0x00000000029ae000 JavaThread "main" [_thread_blocked, id=1684, stack(0x0000000002890000,0x0000000002990000)]

Other Threads:
  0x00000000176d6000 VMThread [stack: 0x0000000018780000,0x0000000018880000] [id=2680]
  0x0000000019145000 WatcherThread [stack: 0x00000000195d0000,0x00000000196d0000] [id=10980]

VM state:not at safepoint (normal execution)

VM Mutex/Monitor currently owned by a thread: None

OutOfMemory and StackOverflow Exception counts:
OutOfMemoryError java_heap_errors=1

heap address: 0x0000000080000000, size: 2048 MB, Compressed Oops mode: 32-bit
Narrow klass base: 0x0000000000000000, Narrow klass shift: 3
Compressed class space size: 1073741824 Address: 0x0000000100000000

Heap:
 PSYoungGen      total 599040K, used 298298K [0x00000000d5580000, 0x00000000fbd00000, 0x0000000100000000)
  eden space 568320K, 49% used [0x00000000d5580000,0x00000000e66addd8,0x00000000f8080000)
  from space 30720K, 60% used [0x00000000f8100000,0x00000000f9320d00,0x00000000f9f00000)
  to   space 12288K, 0% used [0x00000000fb100000,0x00000000fb100000,0x00000000fbd00000)
 ParOldGen       total 122880K, used 66832K [0x0000000080000000, 0x0000000087800000, 0x00000000d5580000)
  object space 122880K, 54% used [0x0000000080000000,0x0000000084144320,0x0000000087800000)
 Metaspace       used 91009K, capacity 96568K, committed 96856K, reserved 1132544K
  class space    used 11847K, capacity 12822K, committed 12928K, reserved 1048576K

Card table byte_map: [0x0000000011e80000,0x0000000012290000] byte_map_base: 0x0000000011a80000

Marking Bits: (ParMarkBitMap*) 0x000000005ceff030
 Begin Bits: [0x0000000012940000, 0x0000000014940000)
 End Bits:   [0x0000000014940000, 0x0000000016940000)

Polling page: 0x0000000002830000

CodeCache: size=245760Kb used=45735Kb max_used=45746Kb free=200024Kb
 bounds [0x0000000002ac0000, 0x00000000057b0000, 0x0000000011ac0000]
 total_blobs=14676 nmethods=13790 adapters=797
 compilation: enabled

Compilation events (10 events):
Event: 1260.223 Thread 0x0000000017715800 nmethod 17087 0x00000000057a8310 code [0x00000000057a8660, 0x00000000057ab838]
Event: 1260.223 Thread 0x0000000017715800 17097       4       org.objectweb.asm.ClassReader::readConst (276 bytes)
Event: 1260.237 Thread 0x0000000017715800 nmethod 17097 0x000000000579bf90 code [0x000000000579c280, 0x000000000579cb08]
Event: 1260.237 Thread 0x0000000017715800 17096       4       org.objectweb.asm.ClassReader::getFirstAttributeOffset (136 bytes)
Event: 1260.246 Thread 0x0000000017715800 nmethod 17096 0x00000000057a5cd0 code [0x00000000057a5e20, 0x00000000057a62d8]
Event: 1260.246 Thread 0x0000000017715800 17095       4       org.objectweb.asm.ClassReader::accept (1250 bytes)
Event: 1260.397 Thread 0x0000000017768000 17099       3       org.objectweb.asm.Type::getObjectType (31 bytes)
Event: 1260.398 Thread 0x0000000017768000 nmethod 17099 0x000000000579e1d0 code [0x000000000579e360, 0x000000000579e928]
Event: 1260.398 Thread 0x0000000017768000 17100       3       org.objectweb.asm.Type::<init> (26 bytes)
Event: 1260.398 Thread 0x0000000017768000 nmethod 17100 0x000000000578aa10 code [0x000000000578ab60, 0x000000000578ad30]

GC Heap History (10 events):
Event: 15.175 GC heap before
{Heap before GC invocations=12 (full 3):
 PSYoungGen      total 432640K, used 18924K [0x00000000d5580000, 0x00000000f6b80000, 0x0000000100000000)
  eden space 413696K, 0% used [0x00000000d5580000,0x00000000d5580000,0x00000000ee980000)
  from space 18944K, 99% used [0x00000000ee980000,0x00000000efbfb3f0,0x00000000efc00000)
  to   space 24064K, 0% used [0x00000000f5400000,0x00000000f5400000,0x00000000f6b80000)
 ParOldGen       total 80384K, used 22956K [0x0000000080000000, 0x0000000084e80000, 0x00000000d5580000)
  object space 80384K, 28% used [0x0000000080000000,0x000000008166b3a0,0x0000000084e80000)
 Metaspace       used 56697K, capacity 58904K, committed 59028K, reserved 1099776K
  class space    used 7667K, capacity 8115K, committed 8192K, reserved 1048576K
Event: 15.471 GC heap after
Heap after GC invocations=12 (full 3):
 PSYoungGen      total 432640K, used 0K [0x00000000d5580000, 0x00000000f6b80000, 0x0000000100000000)
  eden space 413696K, 0% used [0x00000000d5580000,0x00000000d5580000,0x00000000ee980000)
  from space 18944K, 0% used [0x00000000ee980000,0x00000000ee980000,0x00000000efc00000)
  to   space 24064K, 0% used [0x00000000f5400000,0x00000000f5400000,0x00000000f6b80000)
 ParOldGen       total 122880K, used 36620K [0x0000000080000000, 0x0000000087800000, 0x00000000d5580000)
  object space 122880K, 29% used [0x0000000080000000,0x00000000823c3198,0x0000000087800000)
 Metaspace       used 56678K, capacity 58838K, committed 59028K, reserved 1099776K
  class space    used 7661K, capacity 8104K, committed 8192K, reserved 1048576K
}
Event: 48.130 GC heap before
{Heap before GC invocations=13 (full 3):
 PSYoungGen      total 432640K, used 413696K [0x00000000d5580000, 0x00000000f6b80000, 0x0000000100000000)
  eden space 413696K, 100% used [0x00000000d5580000,0x00000000ee980000,0x00000000ee980000)
  from space 18944K, 0% used [0x00000000ee980000,0x00000000ee980000,0x00000000efc00000)
  to   space 24064K, 0% used [0x00000000f5400000,0x00000000f5400000,0x00000000f6b80000)
 ParOldGen       total 122880K, used 36620K [0x0000000080000000, 0x0000000087800000, 0x00000000d5580000)
  object space 122880K, 29% used [0x0000000080000000,0x00000000823c3198,0x0000000087800000)
 Metaspace       used 72992K, capacity 76252K, committed 76376K, reserved 1116160K
  class space    used 9904K, capacity 10529K, committed 10624K, reserved 1048576K
Event: 48.189 GC heap after
Heap after GC invocations=13 (full 3):
 PSYoungGen      total 515584K, used 24057K [0x00000000d5580000, 0x00000000f8380000, 0x0000000100000000)
  eden space 491520K, 0% used [0x00000000d5580000,0x00000000d5580000,0x00000000f3580000)
  from space 24064K, 99% used [0x00000000f5400000,0x00000000f6b7e6c8,0x00000000f6b80000)
  to   space 31232K, 0% used [0x00000000f3580000,0x00000000f3580000,0x00000000f5400000)
 ParOldGen       total 122880K, used 46900K [0x0000000080000000, 0x0000000087800000, 0x00000000d5580000)
  object space 122880K, 38% used [0x0000000080000000,0x0000000082dcd3f8,0x0000000087800000)
 Metaspace       used 72992K, capacity 76252K, committed 76376K, reserved 1116160K
  class space    used 9904K, capacity 10529K, committed 10624K, reserved 1048576K
}
Event: 279.535 GC heap before
{Heap before GC invocations=14 (full 3):
 PSYoungGen      total 515584K, used 515577K [0x00000000d5580000, 0x00000000f8380000, 0x0000000100000000)
  eden space 491520K, 100% used [0x00000000d5580000,0x00000000f3580000,0x00000000f3580000)
  from space 24064K, 99% used [0x00000000f5400000,0x00000000f6b7e6c8,0x00000000f6b80000)
  to   space 31232K, 0% used [0x00000000f3580000,0x00000000f3580000,0x00000000f5400000)
 ParOldGen       total 122880K, used 46900K [0x0000000080000000, 0x0000000087800000, 0x00000000d5580000)
  object space 122880K, 38% used [0x0000000080000000,0x0000000082dcd3f8,0x0000000087800000)
 Metaspace       used 80330K, capacity 83872K, committed 84184K, reserved 1122304K
  class space    used 10527K, capacity 11179K, committed 11264K, reserved 1048576K
Event: 279.655 GC heap after
Heap after GC invocations=14 (full 3):
 PSYoungGen      total 522752K, used 20464K [0x00000000d5580000, 0x00000000fd080000, 0x0000000100000000)
  eden space 491520K, 0% used [0x00000000d5580000,0x00000000d5580000,0x00000000f3580000)
  from space 31232K, 65% used [0x00000000f3580000,0x00000000f497c1d0,0x00000000f5400000)
  to   space 32256K, 0% used [0x00000000fb100000,0x00000000fb100000,0x00000000fd080000)
 ParOldGen       total 122880K, used 66816K [0x0000000080000000, 0x0000000087800000, 0x00000000d5580000)
  object space 122880K, 54% used [0x0000000080000000,0x0000000084140320,0x0000000087800000)
 Metaspace       used 80330K, capacity 83872K, committed 84184K, reserved 1122304K
  class space    used 10527K, capacity 11179K, committed 11264K, reserved 1048576K
}
Event: 910.121 GC heap before
{Heap before GC invocations=15 (full 3):
 PSYoungGen      total 522752K, used 511984K [0x00000000d5580000, 0x00000000fd080000, 0x0000000100000000)
  eden space 491520K, 100% used [0x00000000d5580000,0x00000000f3580000,0x00000000f3580000)
  from space 31232K, 65% used [0x00000000f3580000,0x00000000f497c1d0,0x00000000f5400000)
  to   space 32256K, 0% used [0x00000000fb100000,0x00000000fb100000,0x00000000fd080000)
 ParOldGen       total 122880K, used 66816K [0x0000000080000000, 0x0000000087800000, 0x00000000d5580000)
  object space 122880K, 54% used [0x0000000080000000,0x0000000084140320,0x0000000087800000)
 Metaspace       used 81332K, capacity 85194K, committed 85336K, reserved 1124352K
  class space    used 10576K, capacity 11266K, committed 11392K, reserved 1048576K
Event: 910.145 GC heap after
Heap after GC invocations=15 (full 3):
 PSYoungGen      total 580608K, used 11825K [0x00000000d5580000, 0x00000000fbd00000, 0x0000000100000000)
  eden space 568320K, 0% used [0x00000000d5580000,0x00000000d5580000,0x00000000f8080000)
  from space 12288K, 96% used [0x00000000fb100000,0x00000000fbc8c7a8,0x00000000fbd00000)
  to   space 30720K, 0% used [0x00000000f8100000,0x00000000f8100000,0x00000000f9f00000)
 ParOldGen       total 122880K, used 66824K [0x0000000080000000, 0x0000000087800000, 0x00000000d5580000)
  object space 122880K, 54% used [0x0000000080000000,0x0000000084142320,0x0000000087800000)
 Metaspace       used 81332K, capacity 85194K, committed 85336K, reserved 1124352K
  class space    used 10576K, capacity 11266K, committed 11392K, reserved 1048576K
}
Event: 1204.332 GC heap before
{Heap before GC invocations=16 (full 3):
 PSYoungGen      total 580608K, used 580145K [0x00000000d5580000, 0x00000000fbd00000, 0x0000000100000000)
  eden space 568320K, 100% used [0x00000000d5580000,0x00000000f8080000,0x00000000f8080000)
  from space 12288K, 96% used [0x00000000fb100000,0x00000000fbc8c7a8,0x00000000fbd00000)
  to   space 30720K, 0% used [0x00000000f8100000,0x00000000f8100000,0x00000000f9f00000)
 ParOldGen       total 122880K, used 66824K [0x0000000080000000, 0x0000000087800000, 0x00000000d5580000)
  object space 122880K, 54% used [0x0000000080000000,0x0000000084142320,0x0000000087800000)
 Metaspace       used 88351K, capacity 93794K, committed 93912K, reserved 1130496K
  class space    used 11552K, capacity 12489K, committed 12544K, reserved 1048576K
Event: 1204.368 GC heap after
Heap after GC invocations=16 (full 3):
 PSYoungGen      total 599040K, used 18563K [0x00000000d5580000, 0x00000000fbd00000, 0x0000000100000000)
  eden space 568320K, 0% used [0x00000000d5580000,0x00000000d5580000,0x00000000f8080000)
  from space 30720K, 60% used [0x00000000f8100000,0x00000000f9320d00,0x00000000f9f00000)
  to   space 12288K, 0% used [0x00000000fb100000,0x00000000fb100000,0x00000000fbd00000)
 ParOldGen       total 122880K, used 66832K [0x0000000080000000, 0x0000000087800000, 0x00000000d5580000)
  object space 122880K, 54% used [0x0000000080000000,0x0000000084144320,0x0000000087800000)
 Metaspace       used 88351K, capacity 93794K, committed 93912K, reserved 1130496K
  class space    used 11552K, capacity 12489K, committed 12544K, reserved 1048576K
}

Deoptimization events (10 events):
Event: 1259.570 Thread 0x000000001f53a800 Uncommon trap: reason=class_check action=maybe_recompile pc=0x0000000003dcfa74 method=com.google.common.collect.ImmutableCollection$ArrayBasedBuilder.addAll(Ljava/lang/Iterable;)Lcom/google/common/collect/ImmutableCollection$Builder; @ 35
Event: 1259.743 Thread 0x000000001f53a800 Uncommon trap: reason=bimorphic action=maybe_recompile pc=0x0000000004111d4c method=com.google.common.collect.AbstractIndexedListIterator.next()Ljava/lang/Object; @ 27
Event: 1259.744 Thread 0x000000001f53a800 Uncommon trap: reason=bimorphic action=maybe_recompile pc=0x0000000004111d4c method=com.google.common.collect.AbstractIndexedListIterator.next()Ljava/lang/Object; @ 27
Event: 1259.744 Thread 0x000000001f53a800 Uncommon trap: reason=bimorphic action=maybe_recompile pc=0x0000000004111d4c method=com.google.common.collect.AbstractIndexedListIterator.next()Ljava/lang/Object; @ 27
Event: 1259.744 Thread 0x000000001f53a800 Uncommon trap: reason=bimorphic action=maybe_recompile pc=0x0000000004111d4c method=com.google.common.collect.AbstractIndexedListIterator.next()Ljava/lang/Object; @ 27
Event: 1259.815 Thread 0x000000001f53e000 Uncommon trap: reason=unstable_if action=reinterpret pc=0x000000000571e088 method=org.objectweb.asm.ClassReader.readUTF8(I[C)Ljava/lang/String; @ 7
Event: 1259.859 Thread 0x000000001f53d000 Uncommon trap: reason=unstable_if action=reinterpret pc=0x00000000040b480c method=org.objectweb.asm.ClassReader.readUtf(II[C)Ljava/lang/String; @ 41
Event: 1259.867 Thread 0x000000001f53d000 Uncommon trap: reason=unstable_if action=reinterpret pc=0x000000000301c160 method=org.objectweb.asm.ClassReader.readUtf(II[C)Ljava/lang/String; @ 41
Event: 1259.874 Thread 0x000000001f53d000 Uncommon trap: reason=unloaded action=reinterpret pc=0x0000000004e2f3d4 method=org.objectweb.asm.ClassReader.readConst(I[C)Ljava/lang/Object; @ 102
Event: 1259.930 Thread 0x000000001f53c000 Uncommon trap: reason=unloaded action=reinterpret pc=0x000000000578f9d4 method=org.objectweb.asm.ClassReader.readConst(I[C)Ljava/lang/Object; @ 102

Classes redefined (0 events):
No events

Internal exceptions (10 events):
Event: 1258.985 Thread 0x000000001f53b800 Exception <a 'sun/nio/fs/WindowsException'> (0x00000000dbd2b640) thrown at [C:\src\AOSP-openjdk-git\hotspot\src\share\vm\prims\jni.cpp, line 710]
Event: 1258.985 Thread 0x000000001f53b800 Exception <a 'sun/nio/fs/WindowsException'> (0x00000000dbd2d478) thrown at [C:\src\AOSP-openjdk-git\hotspot\src\share\vm\prims\jni.cpp, line 710]
Event: 1258.985 Thread 0x000000001f53b800 Exception <a 'sun/nio/fs/WindowsException'> (0x00000000dbd2e190) thrown at [C:\src\AOSP-openjdk-git\hotspot\src\share\vm\prims\jni.cpp, line 710]
Event: 1259.391 Thread 0x0000000019dbb000 Exception <a 'java/lang/NoSuchMethodError': <clinit>> (0x00000000dbd5ce60) thrown at [C:\src\AOSP-openjdk-git\hotspot\src\share\vm\prims\jni.cpp, line 1615]
Event: 1259.489 Thread 0x000000001f53a800 Exception <a 'sun/nio/fs/WindowsException'> (0x00000000dd2a8478) thrown at [C:\src\AOSP-openjdk-git\hotspot\src\share\vm\prims\jni.cpp, line 710]
Event: 1259.489 Thread 0x000000001f53a800 Exception <a 'sun/nio/fs/WindowsException'> (0x00000000dd2a91c8) thrown at [C:\src\AOSP-openjdk-git\hotspot\src\share\vm\prims\jni.cpp, line 710]
Event: 1259.514 Thread 0x000000001e049000 Exception <a 'java/net/ConnectException': Connection refused: connect> (0x00000000d66d1a68) thrown at [C:\src\AOSP-openjdk-git\hotspot\src\share\vm\prims\jni.cpp, line 737]
Event: 1259.745 Thread 0x000000001f53d000 Exception <a 'sun/nio/fs/WindowsException'> (0x00000000de09cf88) thrown at [C:\src\AOSP-openjdk-git\hotspot\src\share\vm\prims\jni.cpp, line 710]
Event: 1259.746 Thread 0x000000001f53e000 Exception <a 'sun/nio/fs/WindowsException'> (0x00000000de0bd420) thrown at [C:\src\AOSP-openjdk-git\hotspot\src\share\vm\prims\jni.cpp, line 710]
Event: 1259.752 Thread 0x000000001f53d000 Exception <a 'java/lang/NoSuchMethodError': java.lang.Object.lambda$static$0(Ljava/lang/String;)Z> (0x00000000de0a7910) thrown at [C:\src\AOSP-openjdk-git\hotspot\src\share\vm\interpreter\linkResolver.cpp, line 620]

Events (10 events):
Event: 1259.999 Thread 0x000000001f53d000 DEOPT PACKING pc=0x0000000005446e6c sp=0x000000002cccf060
Event: 1259.999 Thread 0x000000001f53d000 DEOPT UNPACKING pc=0x0000000002b075d0 sp=0x000000002ccceda8 mode 0
Event: 1260.009 Thread 0x000000001f53c000 DEOPT PACKING pc=0x0000000005446e6c sp=0x000000002c2cf180
Event: 1260.009 Thread 0x000000001f53c000 DEOPT UNPACKING pc=0x0000000002b075d0 sp=0x000000002c2ceec8 mode 0
Event: 1260.026 Thread 0x000000001f53e000 DEOPT PACKING pc=0x0000000005446e6c sp=0x000000002f50ee80
Event: 1260.026 Thread 0x000000001f53e000 DEOPT UNPACKING pc=0x0000000002b075d0 sp=0x000000002f50ebc8 mode 0
Event: 1260.040 Thread 0x000000001f53e000 DEOPT PACKING pc=0x0000000005446e6c sp=0x000000002f50ee80
Event: 1260.040 Thread 0x000000001f53e000 DEOPT UNPACKING pc=0x0000000002b075d0 sp=0x000000002f50ebc8 mode 0
Event: 1260.050 Thread 0x000000001f53c000 DEOPT PACKING pc=0x0000000005446e6c sp=0x000000002c2cf180
Event: 1260.050 Thread 0x000000001f53c000 DEOPT UNPACKING pc=0x0000000002b075d0 sp=0x000000002c2ceec8 mode 0


Dynamic libraries:
0x00007ff695c20000 - 0x00007ff695c51000 	C:\Program Files\Android\Android Studio\jre\bin\java.exe
0x00007fff351a0000 - 0x00007fff35390000 	C:\WINDOWS\SYSTEM32\ntdll.dll
0x00007fff333b0000 - 0x00007fff33462000 	C:\WINDOWS\System32\KERNEL32.DLL
0x00007fff323a0000 - 0x00007fff32645000 	C:\WINDOWS\System32\KERNELBASE.dll
0x00007fff34e90000 - 0x00007fff34f33000 	C:\WINDOWS\System32\ADVAPI32.dll
0x00007fff34fa0000 - 0x00007fff3503e000 	C:\WINDOWS\System32\msvcrt.dll
0x00007fff34120000 - 0x00007fff341b7000 	C:\WINDOWS\System32\sechost.dll
0x00007fff35040000 - 0x00007fff3515f000 	C:\WINDOWS\System32\RPCRT4.dll
0x00007fff33470000 - 0x00007fff33604000 	C:\WINDOWS\System32\USER32.dll
0x00007fff32340000 - 0x00007fff32361000 	C:\WINDOWS\System32\win32u.dll
0x00007fff33610000 - 0x00007fff33636000 	C:\WINDOWS\System32\GDI32.dll
0x00007fff33060000 - 0x00007fff331f8000 	C:\WINDOWS\System32\gdi32full.dll
0x00007fff32650000 - 0x00007fff326ee000 	C:\WINDOWS\System32\msvcp_win.dll
0x00007fff327e0000 - 0x00007fff328da000 	C:\WINDOWS\System32\ucrtbase.dll
0x00007fff24120000 - 0x00007fff243a4000 	C:\WINDOWS\WinSxS\amd64_microsoft.windows.common-controls_6595b64144ccf1df_6.0.18362.1556_none_9e7e372fe45e41d5\COMCTL32.dll
0x00007fff34a40000 - 0x00007fff34d76000 	C:\WINDOWS\System32\combase.dll
0x00007fff32750000 - 0x00007fff327d1000 	C:\WINDOWS\System32\bcryptPrimitives.dll
0x00007fff33640000 - 0x00007fff3366e000 	C:\WINDOWS\System32\IMM32.DLL
0x000000005bcf0000 - 0x000000005bdc2000 	C:\Program Files\Android\Android Studio\jre\jre\bin\msvcr100.dll
0x000000005c730000 - 0x000000005cf7b000 	C:\Program Files\Android\Android Studio\jre\jre\bin\server\jvm.dll
0x00007fff34e80000 - 0x00007fff34e88000 	C:\WINDOWS\System32\PSAPI.DLL
0x00007fff2ece0000 - 0x00007fff2ed04000 	C:\WINDOWS\SYSTEM32\WINMM.dll
0x00007fff2eb90000 - 0x00007fff2eb99000 	C:\WINDOWS\SYSTEM32\WSOCK32.dll
0x00007fff28c30000 - 0x00007fff28c3a000 	C:\WINDOWS\SYSTEM32\VERSION.dll
0x00007fff34090000 - 0x00007fff340ff000 	C:\WINDOWS\System32\WS2_32.dll
0x00007fff2ecb0000 - 0x00007fff2ecdd000 	C:\WINDOWS\SYSTEM32\WINMMBASE.dll
0x00007fff33200000 - 0x00007fff3324a000 	C:\WINDOWS\System32\cfgmgr32.dll
0x00007fff2ea90000 - 0x00007fff2ea9f000 	C:\Program Files\Android\Android Studio\jre\jre\bin\verify.dll
0x00007fff2c7b0000 - 0x00007fff2c7d9000 	C:\Program Files\Android\Android Studio\jre\jre\bin\java.dll
0x00007fff2ea70000 - 0x00007fff2ea86000 	C:\Program Files\Android\Android Studio\jre\jre\bin\zip.dll
0x00007fff33730000 - 0x00007fff33e17000 	C:\WINDOWS\System32\SHELL32.dll
0x00007fff33680000 - 0x00007fff33728000 	C:\WINDOWS\System32\shcore.dll
0x00007fff328e0000 - 0x00007fff3305b000 	C:\WINDOWS\System32\windows.storage.dll
0x00007fff320f0000 - 0x00007fff3210e000 	C:\WINDOWS\System32\profapi.dll
0x00007fff32080000 - 0x00007fff320ca000 	C:\WINDOWS\System32\powrprof.dll
0x00007fff32050000 - 0x00007fff32060000 	C:\WINDOWS\System32\UMPDC.dll
0x00007fff34840000 - 0x00007fff34892000 	C:\WINDOWS\System32\shlwapi.dll
0x00007fff320d0000 - 0x00007fff320e1000 	C:\WINDOWS\System32\kernel.appcore.dll
0x00007fff32320000 - 0x00007fff32337000 	C:\WINDOWS\System32\cryptsp.dll
0x00007fff2dcf0000 - 0x00007fff2dd0a000 	C:\Program Files\Android\Android Studio\jre\jre\bin\net.dll
0x00007fff31890000 - 0x00007fff318f7000 	C:\WINDOWS\system32\mswsock.dll
0x00007fff2d8e0000 - 0x00007fff2d8f3000 	C:\Program Files\Android\Android Studio\jre\jre\bin\nio.dll
0x00007fff1b660000 - 0x00007fff1b687000 	C:\Users\Mohammad Reza\.gradle\native\f6784746aeab05261644944871eae4fe03e0ef1612fff0a4a95f87b438bc6780\windows-amd64\native-platform.dll
0x00007fff2d8b0000 - 0x00007fff2d8bd000 	C:\Program Files\Android\Android Studio\jre\jre\bin\management.dll
0x00007fff31410000 - 0x00007fff31443000 	C:\WINDOWS\system32\rsaenh.dll
0x00007fff32370000 - 0x00007fff32396000 	C:\WINDOWS\System32\bcrypt.dll
0x00007fff31f40000 - 0x00007fff31f65000 	C:\WINDOWS\SYSTEM32\USERENV.dll
0x00007fff31a60000 - 0x00007fff31a6c000 	C:\WINDOWS\SYSTEM32\CRYPTBASE.dll
0x00007fff315a0000 - 0x00007fff315da000 	C:\WINDOWS\SYSTEM32\IPHLPAPI.DLL
0x00007fff33670000 - 0x00007fff33678000 	C:\WINDOWS\System32\NSI.dll
0x00007fff285c0000 - 0x00007fff285d6000 	C:\WINDOWS\SYSTEM32\dhcpcsvc6.DLL
0x00007fff28b60000 - 0x00007fff28b7c000 	C:\WINDOWS\SYSTEM32\dhcpcsvc.DLL
0x00007fff315e0000 - 0x00007fff316ab000 	C:\WINDOWS\SYSTEM32\DNSAPI.dll
0x00007fff29680000 - 0x00007fff2968b000 	C:\WINDOWS\SYSTEM32\WINNSI.DLL
0x00007fff23920000 - 0x00007fff2392a000 	C:\Windows\System32\rasadhlp.dll
0x00007fff28330000 - 0x00007fff283a7000 	C:\WINDOWS\System32\fwpuclnt.dll
0x00007fff2d8c0000 - 0x00007fff2d8de000 	C:\Users\Mohammad Reza\AppData\Local\Temp\native-platform8957396364616014508dir\native-platform.dll

VM Arguments:
jvm_args: -Xmx2048m -Dfile.encoding=UTF-8 -Duser.country=US -Duser.language=en -Duser.variant 
java_command: org.gradle.launcher.daemon.bootstrap.GradleDaemon 6.5
java_class_path (initial): C:\Users\Mohammad Reza\.gradle\wrapper\dists\gradle-6.5-bin\6nifqtx7604sqp1q6g8wikw7p\gradle-6.5\lib\gradle-launcher-6.5.jar
Launcher Type: SUN_STANDARD

Environment Variables:
PATH=C:\Windows\system32;C:\Windows;C:\Windows\System32\Wbem;C:\Windows\System32\WindowsPowerShell\v1.0\;C:\Program Files (x86)\NVIDIA Corporation\PhysX\Common;C:\WINDOWS\system32;C:\WINDOWS;C:\WINDOWS\System32\Wbem;C:\WINDOWS\System32\WindowsPowerShell\v1.0\;C:\WINDOWS\System32\OpenSSH\;C:\Program Files\Git\cmd;C:\Users\Mohammad Reza\AppData\Local\Microsoft\WindowsApps;
USERNAME=Mohammad Reza
OS=Windows_NT
PROCESSOR_IDENTIFIER=Intel64 Family 6 Model 69 Stepping 1, GenuineIntel



---------------  S Y S T E M  ---------------

OS: Windows 10.0 , 64 bit Build 18362 (10.0.18362.1500)

CPU:total 4 (initial active 4) (2 cores per cpu, 2 threads per core) family 6 model 69 stepping 1, cmov, cx8, fxsr, mmx, sse, sse2, sse3, ssse3, sse4.1, sse4.2, popcnt, avx, avx2, aes, clmul, erms, lzcnt, ht, tsc, tscinvbit, bmi1, bmi2

Memory: 4k page, physical 8321324k(1814356k free), swap 10659840k(8632k free)

vm_info: OpenJDK 64-Bit Server VM (25.242-b01) for windows-amd64 JRE (1.8.0_242-release-1644-b01), built by "builder" with MS VC++ 10.0 (VS2010)

time: Sat May 22 13:11:06 2021
timezone: Iran Daylight Time
elapsed time: 1260 seconds (0d 0h 21m 0s)

